<?xml version="1.0" encoding="ASCII"?>
<de.wst.deployer.model:InputModel xmi:version="2.0" xmlns:xmi="http://www.omg.org/XMI" xmlns:de.wst.deployer.model="http://de.wst.deployer.model/1.0">
  <rxfFiles path="C:\Users\joklappe\Rhapsody\RXF">
    <files path="RXF\RXF_ErrorHandler.cpp" createdCopy="true" lastModified="1651074706000" ideProjectRelative="true"/>
    <files path="RXF\RXF_ErrorHandler.h" createdCopy="true" lastModified="1651074706000" ideProjectRelative="true"/>
    <files path="RXF\RXF_Active.cpp" createdCopy="true" lastModified="1651074706000" ideProjectRelative="true"/>
    <files path="RXF\RXF_Active.h" createdCopy="true" lastModified="1651074706000" ideProjectRelative="true"/>
    <files path="RXF\RXF_ErrorCodes.h" createdCopy="true" lastModified="1651074706000" ideProjectRelative="true"/>
    <files path="RXF\RXF_Event.cpp" createdCopy="true" lastModified="1651074706000" ideProjectRelative="true"/>
    <files path="RXF\RXF_Event.h" createdCopy="true" lastModified="1651074706000" ideProjectRelative="true"/>
    <files path="RXF\RXF_EventQueue.cpp" createdCopy="true" lastModified="1651074706000" ideProjectRelative="true"/>
    <files path="RXF\RXF_EventQueue.h" createdCopy="true" lastModified="1651074706000" ideProjectRelative="true"/>
    <files path="RXF\RXF_FlowPortMacros.h" createdCopy="true" lastModified="1651074706000" ideProjectRelative="true"/>
    <files path="RXF\RXF_MemoryPool.h" createdCopy="true" lastModified="1651074706000" ideProjectRelative="true"/>
    <files path="RXF\RXF_MemoryPoolBase.cpp" createdCopy="true" lastModified="1651074706000" ideProjectRelative="true"/>
    <files path="RXF\RXF_MemoryPoolBase.h" createdCopy="true" lastModified="1651074706000" ideProjectRelative="true"/>
    <files path="RXF\RXF_Reactive.cpp" createdCopy="true" lastModified="1651074706000" ideProjectRelative="true"/>
    <files path="RXF\RXF_Reactive.h" createdCopy="true" lastModified="1651074706000" ideProjectRelative="true"/>
    <files path="RXF\RXF_ReactiveMacros.h" createdCopy="true" lastModified="1651074706000" ideProjectRelative="true"/>
    <files path="RXF\RXF_TimeoutEvent.cpp" createdCopy="true" lastModified="1651074706000" ideProjectRelative="true"/>
    <files path="RXF\RXF_TimeoutEvent.h" createdCopy="true" lastModified="1651074706000" ideProjectRelative="true"/>
    <files path="RXF\RXF_Timer.cpp" createdCopy="true" lastModified="1651074706000" ideProjectRelative="true"/>
    <files path="RXF\RXF_Timer.h" createdCopy="true" lastModified="1651074706000" ideProjectRelative="true"/>
    <files path="RXF\RXF_TimerCallback.h" createdCopy="true" lastModified="1651074706000" ideProjectRelative="true"/>
    <files path="RXF\RXF_Types.h" createdCopy="true" lastModified="1651074706000" ideProjectRelative="true"/>
    <files path="RXF\WST_CFG.h" createdCopy="true" lastModified="1651074706000" ideProjectRelative="true"/>
    <files path="RXF\WST_TMM.h" createdCopy="true" lastModified="1651074706000" ideProjectRelative="true"/>
    <files path="RXF\WST_TMR.h" createdCopy="true" lastModified="1651074706000" ideProjectRelative="true"/>
    <files path="RXF\IOxfEventSender.h" createdCopy="true" lastModified="1651074706000" ideProjectRelative="true"/>
    <files path="RXF\OMIterator.h" createdCopy="true" lastModified="1651074706000" ideProjectRelative="true"/>
    <files path="RXF\OMList.h" createdCopy="true" lastModified="1651074706000" ideProjectRelative="true"/>
    <files path="RXF\OMNullValue.h" createdCopy="true" lastModified="1651074708000" ideProjectRelative="true"/>
    <files path="RXF\RXF_MAIN.cpp" createdCopy="true" lastModified="1651074706000" ideProjectRelative="true"/>
    <files path="RXF\RXF_MAIN.h" createdCopy="true" lastModified="1651074706000" ideProjectRelative="true"/>
    <files path="RXF\RXF_List.h" createdCopy="true" lastModified="1651074706000" ideProjectRelative="true"/>
    <files path="RXF\RXF_Map.h" createdCopy="true" lastModified="1651074706000" ideProjectRelative="true"/>
    <files path="RXF\RXF_NullValue.h" createdCopy="true" lastModified="1651074706000" ideProjectRelative="true"/>
    <files path="RXF\RXF_StaticList.h" createdCopy="true" lastModified="1651074706000" ideProjectRelative="true"/>
    <files path="RXF\RXF_StaticMap.h" createdCopy="true" lastModified="1651074706000" ideProjectRelative="true"/>
    <files path="RXF\RXF_CriticalSection.h" createdCopy="true" lastModified="1651074708000" ideProjectRelative="true"/>
    <files path="RXF\RXF_MainTask.cpp" createdCopy="true" lastModified="1651074708000" ideProjectRelative="true"/>
    <files path="RXF\RXF_MainTask.h" createdCopy="true" lastModified="1651074708000" ideProjectRelative="true"/>
    <files path="RXF\RXF_Mutex.cpp" createdCopy="true" lastModified="1651074708000" ideProjectRelative="true"/>
    <files path="RXF\RXF_Mutex.h" createdCopy="true" lastModified="1651074708000" ideProjectRelative="true"/>
    <files path="RXF\RXF_Priority.h" createdCopy="true" lastModified="1651074708000" ideProjectRelative="true"/>
    <files path="RXF\RXF_Task.cpp" createdCopy="true" lastModified="1651074708000" ideProjectRelative="true"/>
    <files path="RXF\RXF_Task.h" createdCopy="true" lastModified="1651074708000" ideProjectRelative="true"/>
    <files path="RXF\RXF_Tick.cpp" createdCopy="true" lastModified="1651074708000" ideProjectRelative="true"/>
    <files path="RXF\RXF_Tick.h" createdCopy="true" lastModified="1651074708000" ideProjectRelative="true"/>
  </rxfFiles>
  <modelCodeFiles path="C:\Users\joklappe\Rhapsody\GeneratedModel">
    <files path="GeneratedModel\AccelerationData.cpp" createdCopy="true" lastModified="1659453380000" ideProjectRelative="true"/>
    <files path="GeneratedModel\AccelerationData.h" createdCopy="true" lastModified="1659453380000" ideProjectRelative="true"/>
    <files path="GeneratedModel\AccelerationMeasuring.cpp" createdCopy="true" lastModified="1659632094000" ideProjectRelative="true"/>
    <files path="GeneratedModel\AccelerationMeasuring.h" createdCopy="true" lastModified="1659632094000" ideProjectRelative="true"/>
    <files path="GeneratedModel\Application.cpp" createdCopy="true" lastModified="1661417327805" ideProjectRelative="true"/>
    <files path="GeneratedModel\Application.h" createdCopy="true" lastModified="1661417327387" ideProjectRelative="true"/>
    <files path="GeneratedModel\ConfigStorage.cpp" createdCopy="true" lastModified="1661969056787" ideProjectRelative="true"/>
    <files path="GeneratedModel\ConfigStorage.h" createdCopy="true" lastModified="1660738655993" ideProjectRelative="true"/>
    <files path="GeneratedModel\Controller.cpp" createdCopy="true" lastModified="1661969408064" ideProjectRelative="true"/>
    <files path="GeneratedModel\Controller.h" createdCopy="true" lastModified="1661969408038" ideProjectRelative="true"/>
    <files path="GeneratedModel\Display.cpp" createdCopy="true" lastModified="1659453380000" ideProjectRelative="true"/>
    <files path="GeneratedModel\Display.h" createdCopy="true" lastModified="1659622372000" ideProjectRelative="true"/>
    <files path="GeneratedModel\DisplayTask.cpp" createdCopy="true" lastModified="1659612976000" ideProjectRelative="true"/>
    <files path="GeneratedModel\DisplayTask.h" createdCopy="true" lastModified="1659597644000" ideProjectRelative="true"/>
    <files path="GeneratedModel\EepromData.cpp" createdCopy="true" lastModified="1660564709791" ideProjectRelative="true"/>
    <files path="GeneratedModel\EepromData.h" createdCopy="true" lastModified="1660739337147" ideProjectRelative="true"/>
    <files path="GeneratedModel\JoystickDownButton.cpp" createdCopy="true" lastModified="1659517362000" ideProjectRelative="true"/>
    <files path="GeneratedModel\JoystickDownButton.h" createdCopy="true" lastModified="1659517360000" ideProjectRelative="true"/>
    <files path="GeneratedModel\JoystickDownHandler.cpp" createdCopy="true" lastModified="1659453380000" ideProjectRelative="true"/>
    <files path="GeneratedModel\JoystickDownHandler.h" createdCopy="true" lastModified="1659453380000" ideProjectRelative="true"/>
    <files path="GeneratedModel\JoystickDownIRQ.cpp" createdCopy="true" lastModified="1659453380000" ideProjectRelative="true"/>
    <files path="GeneratedModel\JoystickDownIRQ.h" createdCopy="true" lastModified="1659453380000" ideProjectRelative="true"/>
    <files path="GeneratedModel\JoystickLeftButton.cpp" createdCopy="true" lastModified="1659517362000" ideProjectRelative="true"/>
    <files path="GeneratedModel\JoystickLeftButton.h" createdCopy="true" lastModified="1659517360000" ideProjectRelative="true"/>
    <files path="GeneratedModel\JoystickLeftHandler.cpp" createdCopy="true" lastModified="1659453380000" ideProjectRelative="true"/>
    <files path="GeneratedModel\JoystickLeftHandler.h" createdCopy="true" lastModified="1659453380000" ideProjectRelative="true"/>
    <files path="GeneratedModel\JoystickLeftIRQ.cpp" createdCopy="true" lastModified="1659453380000" ideProjectRelative="true"/>
    <files path="GeneratedModel\JoystickLeftIRQ.h" createdCopy="true" lastModified="1659453380000" ideProjectRelative="true"/>
    <files path="GeneratedModel\JoystickMiddelIRQ.cpp" createdCopy="true" lastModified="1659453380000" ideProjectRelative="true"/>
    <files path="GeneratedModel\JoystickMiddelIRQ.h" createdCopy="true" lastModified="1659453380000" ideProjectRelative="true"/>
    <files path="GeneratedModel\JoystickMiddleButton.cpp" createdCopy="true" lastModified="1659517362000" ideProjectRelative="true"/>
    <files path="GeneratedModel\JoystickMiddleButton.h" createdCopy="true" lastModified="1659517360000" ideProjectRelative="true"/>
    <files path="GeneratedModel\JoystickMiddleHandler.cpp" createdCopy="true" lastModified="1659453380000" ideProjectRelative="true"/>
    <files path="GeneratedModel\JoystickMiddleHandler.h" createdCopy="true" lastModified="1659453380000" ideProjectRelative="true"/>
    <files path="GeneratedModel\JoystickRightButton.cpp" createdCopy="true" lastModified="1659517362000" ideProjectRelative="true"/>
    <files path="GeneratedModel\JoystickRightButton.h" createdCopy="true" lastModified="1659517360000" ideProjectRelative="true"/>
    <files path="GeneratedModel\JoystickRightHandler.cpp" createdCopy="true" lastModified="1659453380000" ideProjectRelative="true"/>
    <files path="GeneratedModel\JoystickRightHandler.h" createdCopy="true" lastModified="1659453380000" ideProjectRelative="true"/>
    <files path="GeneratedModel\JoystickRightIRQ.cpp" createdCopy="true" lastModified="1659453380000" ideProjectRelative="true"/>
    <files path="GeneratedModel\JoystickRightIRQ.h" createdCopy="true" lastModified="1659453380000" ideProjectRelative="true"/>
    <files path="GeneratedModel\JoystickUpButton.cpp" createdCopy="true" lastModified="1659517362000" ideProjectRelative="true"/>
    <files path="GeneratedModel\JoystickUpButton.h" createdCopy="true" lastModified="1659517360000" ideProjectRelative="true"/>
    <files path="GeneratedModel\JoystickUpHandler.cpp" createdCopy="true" lastModified="1659453380000" ideProjectRelative="true"/>
    <files path="GeneratedModel\JoystickUpHandler.h" createdCopy="true" lastModified="1659453380000" ideProjectRelative="true"/>
    <files path="GeneratedModel\JoystickUpIRQ.cpp" createdCopy="true" lastModified="1659453380000" ideProjectRelative="true"/>
    <files path="GeneratedModel\JoystickUpIRQ.h" createdCopy="true" lastModified="1659453380000" ideProjectRelative="true"/>
    <files path="GeneratedModel\LPC1769.cpp" createdCopy="true" lastModified="1659966086000" ideProjectRelative="true"/>
    <files path="GeneratedModel\LPC1769.h" createdCopy="true" lastModified="1659966086000" ideProjectRelative="true"/>
    <files path="GeneratedModel\LPCAccelerationSensor.cpp" createdCopy="true" lastModified="1659610678000" ideProjectRelative="true"/>
    <files path="GeneratedModel\LPCAccelerationSensor.h" createdCopy="true" lastModified="1659610678000" ideProjectRelative="true"/>
    <files path="GeneratedModel\LPCBuilder.cpp" createdCopy="true" lastModified="1660833775387" ideProjectRelative="true"/>
    <files path="GeneratedModel\LPCBuilder.h" createdCopy="true" lastModified="1659966086000" ideProjectRelative="true"/>
    <files path="GeneratedModel\LPCEeprom.cpp" createdCopy="true" lastModified="1660740684836" ideProjectRelative="true"/>
    <files path="GeneratedModel\LPCEeprom.h" createdCopy="true" lastModified="1660739286085" ideProjectRelative="true"/>
    <files path="GeneratedModel\LPCInit.cpp" createdCopy="true" lastModified="1659453380000" ideProjectRelative="true"/>
    <files path="GeneratedModel\LPCInit.h" createdCopy="true" lastModified="1659457872000" ideProjectRelative="true"/>
    <files path="GeneratedModel\LPCJoystickDownButton.cpp" createdCopy="true" lastModified="1659523284000" ideProjectRelative="true"/>
    <files path="GeneratedModel\LPCJoystickDownButton.h" createdCopy="true" lastModified="1659525588000" ideProjectRelative="true"/>
    <files path="GeneratedModel\LPCJoystickLeftButton.cpp" createdCopy="true" lastModified="1659523200000" ideProjectRelative="true"/>
    <files path="GeneratedModel\LPCJoystickLeftButton.h" createdCopy="true" lastModified="1659525588000" ideProjectRelative="true"/>
    <files path="GeneratedModel\LPCJoystickMiddleButton.cpp" createdCopy="true" lastModified="1659532238000" ideProjectRelative="true"/>
    <files path="GeneratedModel\LPCJoystickMiddleButton.h" createdCopy="true" lastModified="1659525588000" ideProjectRelative="true"/>
    <files path="GeneratedModel\LPCJoystickRightButton.cpp" createdCopy="true" lastModified="1660830418564" ideProjectRelative="true"/>
    <files path="GeneratedModel\LPCJoystickRightButton.h" createdCopy="true" lastModified="1659525588000" ideProjectRelative="true"/>
    <files path="GeneratedModel\LPCJoystickUpButton.cpp" createdCopy="true" lastModified="1659523200000" ideProjectRelative="true"/>
    <files path="GeneratedModel\LPCJoystickUpButton.h" createdCopy="true" lastModified="1659525588000" ideProjectRelative="true"/>
    <files path="GeneratedModel\LPCOledDisplay.cpp" createdCopy="true" lastModified="1661968438996" ideProjectRelative="true"/>
    <files path="GeneratedModel\LPCOledDisplay.h" createdCopy="true" lastModified="1661968438959" ideProjectRelative="true"/>
    <files path="GeneratedModel\MainLPC1769.cpp" createdCopy="true" lastModified="1659523560000" ideProjectRelative="true"/>
    <files path="GeneratedModel\MainLPC1769.h" createdCopy="true" lastModified="1659523560000" ideProjectRelative="true"/>
    <files path="GeneratedModel\RXF_Config.h" createdCopy="true" lastModified="1659453378000" ideProjectRelative="true"/>
    <files path="GeneratedModel\RXF_Defines.h" createdCopy="true" lastModified="1659453378000" ideProjectRelative="true"/>
    <files path="GeneratedModel\RXF_Event_Pools.cpp" createdCopy="true" lastModified="1659453378000" ideProjectRelative="true"/>
    <files path="GeneratedModel\RXF_Event_Pools.h" createdCopy="true" lastModified="1659453378000" ideProjectRelative="true"/>
    <files path="GeneratedModel\RXF_Macros.h" createdCopy="true" lastModified="1659453378000" ideProjectRelative="true"/>
    <files path="GeneratedModel\TimeCounter.cpp" createdCopy="true" lastModified="1660834284288" ideProjectRelative="true"/>
    <files path="GeneratedModel\TimeCounter.h" createdCopy="true" lastModified="1660834284232" ideProjectRelative="true"/>
  </modelCodeFiles>
  <libraryFiles/>
  <additionalFiles/>
</de.wst.deployer.model:InputModel>
